Traceback (most recent call last):
  File "/Users/ozyurtf/Documents/ms-cs/summer-2024/database-systems/project/part4/ozyurt_p4_su24/./database-pipeline.py", line 1, in <module>
    import psycopg2
ModuleNotFoundError: No module named 'psycopg2'
Traceback (most recent call last):
  File "/Users/ozyurtf/Documents/ms-cs/summer-2024/database-systems/project/part4/ozyurt_p4_su24/./database-pipeline.py", line 1, in <module>
    import psycopg2
ModuleNotFoundError: No module named 'psycopg2'
Downloading rows 0 to 50000
Downloading rows 50000 to 100000
Downloading rows 100000 to 150000
Downloading rows 150000 to 200000
Downloading rows 200000 to 250000
Downloading rows 250000 to 300000
Downloading rows 300000 to 350000
Downloading rows 350000 to 400000
Downloading rows 400000 to 450000
Downloading rows 450000 to 500000
Downloading rows 500000 to 550000
Downloading rows 550000 to 600000
Downloading rows 600000 to 650000
Downloading rows 650000 to 700000
Downloading rows 700000 to 750000
Downloading rows 750000 to 800000
Downloading rows 800000 to 850000
Downloading rows 850000 to 900000
Downloading rows 900000 to 950000
Downloading rows 950000 to 1000000
Downloading rows 1000000 to 1050000
Downloading rows 1050000 to 1100000
Downloading rows 1100000 to 1150000
Downloading rows 1150000 to 1200000
Total rows downloaded: 1185676
All operations completed successfully.
PostgreSQL connection is closed
